Build started 03-07-2023 20:53:26.
     1>Project "c:\Users\yathe\OneDrive\documents\visual studio 2010\Projects\Circular Queue\Circular Queue\Circular Queue.vcxproj" on node 2 (build target(s)).
     1>PrepareForBuild:
         Creating directory "c:\users\yathe\onedrive\documents\visual studio 2010\Projects\Circular Queue\Debug\".
       InitializeBuildStatus:
         Creating "Debug\Circular Queue.unsuccessfulbuild" because "AlwaysCreate" was specified.
       ClCompile:
         c:\Program Files (x86)\Microsoft Visual Studio 10.0\VC\bin\CL.exe /c /ZI /nologo /W3 /WX- /Od /Oy- /D _MBCS /Gm /EHsc /RTC1 /MDd /GS /fp:precise /Zc:wchar_t /Zc:forScope /Fo"Debug\\" /Fd"Debug\vc100.pdb" /Gd /TP /analyze- /errorReport:prompt "Circular Queue.cpp"
         Circular Queue.cpp
     1>c:\users\yathe\onedrive\documents\visual studio 2010\projects\circular queue\circular queue\circular queue.cpp(1456): warning C4996: 'scanf': This function or variable may be unsafe. Consider using scanf_s instead. To disable deprecation, use _CRT_SECURE_NO_WARNINGS. See online help for details.
                 c:\program files (x86)\microsoft visual studio 10.0\vc\include\stdio.h(304) : see declaration of 'scanf'
     1>c:\users\yathe\onedrive\documents\visual studio 2010\projects\circular queue\circular queue\circular queue.cpp(1464): warning C4996: 'scanf': This function or variable may be unsafe. Consider using scanf_s instead. To disable deprecation, use _CRT_SECURE_NO_WARNINGS. See online help for details.
                 c:\program files (x86)\microsoft visual studio 10.0\vc\include\stdio.h(304) : see declaration of 'scanf'
       Link:
         c:\Program Files (x86)\Microsoft Visual Studio 10.0\VC\bin\link.exe /ERRORREPORT:PROMPT /OUT:"c:\users\yathe\onedrive\documents\visual studio 2010\Projects\Circular Queue\Debug\Circular Queue.exe" /NOLOGO kernel32.lib user32.lib gdi32.lib winspool.lib comdlg32.lib advapi32.lib shell32.lib ole32.lib oleaut32.lib uuid.lib odbc32.lib odbccp32.lib /MANIFEST /ManifestFile:"Debug\Circular Queue.exe.intermediate.manifest" /MANIFESTUAC:"level='asInvoker' uiAccess='false'" /DEBUG /PDB:"c:\users\yathe\onedrive\documents\visual studio 2010\Projects\Circular Queue\Debug\Circular Queue.pdb" /TLBID:1 /DYNAMICBASE /NXCOMPAT /IMPLIB:"c:\users\yathe\onedrive\documents\visual studio 2010\Projects\Circular Queue\Debug\Circular Queue.lib" /MACHINE:X86 "Debug\Circular Queue.obj"
         Circular Queue.vcxproj -> c:\users\yathe\onedrive\documents\visual studio 2010\Projects\Circular Queue\Debug\Circular Queue.exe
       Manifest:
         c:\Program Files (x86)\Microsoft SDKs\Windows\v7.0A\bin\mt.exe /nologo /verbose /outputresource:"c:\users\yathe\onedrive\documents\visual studio 2010\Projects\Circular Queue\Debug\Circular Queue.exe;#1" /manifest "Debug\Circular Queue.exe.intermediate.manifest"
       FinalizeBuildStatus:
         Deleting file "Debug\Circular Queue.unsuccessfulbuild".
         Touching "Debug\Circular Queue.lastbuildstate".
     1>Done Building Project "c:\Users\yathe\OneDrive\documents\visual studio 2010\Projects\Circular Queue\Circular Queue\Circular Queue.vcxproj" (build target(s)).

Build succeeded.

Time Elapsed 00:00:01.56
